2021-05-20 14:12:40 PaladinsAPI [[0;34mDEBUG[0m in API] Approved: (Old session: None, new session: 687C5AE61DEB42A7A551FA0BFDDC64C0)
2021-05-20 14:12:41 SmiteAPI [[0;34mDEBUG[0m in API] Approved: (Old session: None, new session: CD3E2BD504B64445A48B5CA3A296B188)
2021-05-20 14:28:25 PaladinsAPI [[0;34mDEBUG[0m in API] Approved: (Old session: CD3E2BD504B64445A48B5CA3A296B188, new session: A2828A3891C04C19B74946C1B19FAA3F)
2021-05-20 14:28:26 SmiteAPI [[0;34mDEBUG[0m in API] Approved: (Old session: CD3E2BD504B64445A48B5CA3A296B188, new session: 9701F859575047AD859A11E96DE2B999)
2021-05-21 09:07:09 PaladinsAPI [[0;34mDEBUG[0m in API] Approved: (Old session: 9701F859575047AD859A11E96DE2B999, new session: 65D0E133EC7D4D45AB5DD1CA4201CBD8)
2021-05-21 09:07:10 SmiteAPI [[0;34mDEBUG[0m in API] Approved: (Old session: 9701F859575047AD859A11E96DE2B999, new session: 9FB2DEE4855B4538BED77E8C5092E339)
2021-05-21 11:16:08 PaladinsAPI [[0;34mDEBUG[0m in API] Approved: (Old session: 9FB2DEE4855B4538BED77E8C5092E339, new session: 5CCA9251986944C18543F936DC629F9A)
2021-05-21 11:16:09 SmiteAPI [[0;34mDEBUG[0m in API] Approved: (Old session: 9FB2DEE4855B4538BED77E8C5092E339, new session: 0F24CF55CE8943BF8A5B8F37EDCE0B31)
2021-05-21 11:29:31 PaladinsAPI [[0;34mDEBUG[0m in API] Approved: (Old session: 0F24CF55CE8943BF8A5B8F37EDCE0B31, new session: 40B552DEF1FB48F2BDBEA240DB6E797C)
2021-05-21 11:29:32 SmiteAPI [[0;34mDEBUG[0m in API] Approved: (Old session: 0F24CF55CE8943BF8A5B8F37EDCE0B31, new session: 3B96D207EC924A35A5AEB516234BF1A8)
2021-05-21 12:00:03 PaladinsAPI [[0;34mDEBUG[0m in API] Approved: (Old session: 3B96D207EC924A35A5AEB516234BF1A8, new session: 9888E2585CB8430A8451BFEA64F84E8C)
2021-05-21 12:00:03 SmiteAPI [[0;34mDEBUG[0m in API] Approved: (Old session: 3B96D207EC924A35A5AEB516234BF1A8, new session: E0A1000347BB4FA78416FDB0248035BD)
2021-05-21 12:06:18 PaladinsAPI [[0;34mDEBUG[0m in API] Approved: (Old session: E0A1000347BB4FA78416FDB0248035BD, new session: 603DB51B500946E79CD006E15F41196A)
2021-05-21 12:06:19 SmiteAPI [[0;34mDEBUG[0m in API] Approved: (Old session: E0A1000347BB4FA78416FDB0248035BD, new session: 8C20F45AAC904022873DE17384728F35)
2021-05-21 12:23:16 PaladinsAPI [[0;34mDEBUG[0m in API] Approved: (Old session: 8C20F45AAC904022873DE17384728F35, new session: F9DE0B32BF5247E6BDEC157E28FD7D2D)
2021-05-21 12:23:17 SmiteAPI [[0;34mDEBUG[0m in API] Approved: (Old session: 8C20F45AAC904022873DE17384728F35, new session: D167F95A87CD441F9B77DFEAD48A3FF2)
2021-05-21 12:31:12 SmiteAPI [[0;34mDEBUG[0m in API] Approved: (Old session: D167F95A87CD441F9B77DFEAD48A3FF2, new session: 36A8BEE278E646C3B6CE0BC9D5489D50)
2021-05-21 12:31:47 SmiteAPI [[0;34mDEBUG[0m in API] Approved: (Old session: 36A8BEE278E646C3B6CE0BC9D5489D50, new session: 9964B16546D847C2B41C2D2D4F0BCDCA)
2021-05-21 12:32:05 SmiteAPI [[0;34mDEBUG[0m in API] Approved: (Old session: 9964B16546D847C2B41C2D2D4F0BCDCA, new session: C855D953F35C46D69318CE506C96E5F3)
2021-05-21 12:32:23 SmiteAPI [[0;34mDEBUG[0m in API] Approved: (Old session: C855D953F35C46D69318CE506C96E5F3, new session: CE075147E0CC44F3B6ADE3231B04BD8F)
2021-05-21 12:32:57 SmiteAPI [[0;34mDEBUG[0m in API] Approved: (Old session: CE075147E0CC44F3B6ADE3231B04BD8F, new session: 060A4D7506904E69827BB7A9EB260DD6)
2021-05-21 12:34:01 SmiteAPI [[0;34mDEBUG[0m in API] Approved: (Old session: 060A4D7506904E69827BB7A9EB260DD6, new session: 9AFA4C6C75DA45B38A224ACDFEFEEA90)
2021-05-21 12:35:35 SmiteAPI [[0;34mDEBUG[0m in API] Approved: (Old session: 9AFA4C6C75DA45B38A224ACDFEFEEA90, new session: 0EBEB1FD53AA47FDA63E46E927B92765)
2021-05-21 12:36:37 SmiteAPI [[0;34mDEBUG[0m in API] Approved: (Old session: 0EBEB1FD53AA47FDA63E46E927B92765, new session: 10A6D87B8348486996681A62D996AAD3)
2021-05-21 12:37:59 SmiteAPI [[0;34mDEBUG[0m in API] Approved: (Old session: 10A6D87B8348486996681A62D996AAD3, new session: A7FD259B384C43C7861C5CCA37D281AC)
2021-05-21 12:39:51 SmiteAPI [[0;34mDEBUG[0m in API] Approved: (Old session: A7FD259B384C43C7861C5CCA37D281AC, new session: E62314C25C124DACBA5B19EA5422C846)
2021-05-21 12:40:31 SmiteAPI [[0;34mDEBUG[0m in API] Approved: (Old session: E62314C25C124DACBA5B19EA5422C846, new session: 3B15E2A859C749F0AB32027BA5112302)
2021-05-21 12:43:15 SmiteAPI [[0;34mDEBUG[0m in API] Approved: (Old session: 3B15E2A859C749F0AB32027BA5112302, new session: 0C147FDD38F94BB5BDC5D8606397C91F)
2021-05-21 12:53:34 SmiteAPI [[0;34mDEBUG[0m in API] Approved: (Old session: 0C147FDD38F94BB5BDC5D8606397C91F, new session: 938B1F4AD8254FA1A3DA23B90247A50E)
2021-05-21 13:12:11 SmiteAPI [[0;34mDEBUG[0m in API] Approved: (Old session: 938B1F4AD8254FA1A3DA23B90247A50E, new session: 47D572CBF6814E5F9A0813EB2B5723FA)
2021-05-21 13:12:38 SmiteAPI [[0;34mDEBUG[0m in API] Approved: (Old session: 47D572CBF6814E5F9A0813EB2B5723FA, new session: 88F12A869DEB4C4FAFFC1184BC89D1B0)
2021-05-21 13:13:01 SmiteAPI [[0;34mDEBUG[0m in API] Approved: (Old session: 88F12A869DEB4C4FAFFC1184BC89D1B0, new session: EB1DACAED6F44597BB5A8BED01AE0637)
2021-05-21 13:17:31 SmiteAPI [[0;34mDEBUG[0m in API] Approved: (Old session: EB1DACAED6F44597BB5A8BED01AE0637, new session: 5D1521E1702548118DC6C42D4B9BDFEB)
2021-05-21 13:18:09 PaladinsAPI [[0;34mDEBUG[0m in API] Approved: (Old session: 5D1521E1702548118DC6C42D4B9BDFEB, new session: 55025305C8D443FCA9BA1E07604A91D1)
2021-05-21 13:18:28 PaladinsAPI [[0;34mDEBUG[0m in API] Approved: (Old session: 55025305C8D443FCA9BA1E07604A91D1, new session: C7463A2252204EB89AC8FF4253D85B3D)
2021-05-21 13:18:36 PaladinsAPI [[0;34mDEBUG[0m in API] Approved: (Old session: C7463A2252204EB89AC8FF4253D85B3D, new session: 62528449B8AD4444A4D529EBE97AFFF1)
2021-05-21 13:25:34 PaladinsAPI [[0;34mDEBUG[0m in API] Approved: (Old session: 62528449B8AD4444A4D529EBE97AFFF1, new session: 331DC879E43945738C7E24C039C1F029)
2021-05-21 13:25:34 SmiteAPI [[0;34mDEBUG[0m in API] Approved: (Old session: 62528449B8AD4444A4D529EBE97AFFF1, new session: E90A05344D10473AA4E4F9EB81D9AE88)
2021-05-21 13:54:51 SmiteAPI [[0;34mDEBUG[0m in API] Approved: (Old session: E90A05344D10473AA4E4F9EB81D9AE88, new session: DE4E2707B78544E9B6A443A2E598004C)
2021-05-21 13:55:49 SmiteAPI [[0;34mDEBUG[0m in API] Approved: (Old session: DE4E2707B78544E9B6A443A2E598004C, new session: 6183949723A74BCF92DD38DDAC6426E2)
2021-05-21 13:56:31 SmiteAPI [[0;34mDEBUG[0m in API] Approved: (Old session: 6183949723A74BCF92DD38DDAC6426E2, new session: 09AB08770D634FCE8651E95EB5ED125B)
2021-05-21 13:58:47 SmiteAPI [[0;34mDEBUG[0m in API] Approved: (Old session: 09AB08770D634FCE8651E95EB5ED125B, new session: 1659C96586774D8FA37606C4BD2C1FAB)
2021-05-21 14:00:39 SmiteAPI [[0;34mDEBUG[0m in API] Approved: (Old session: 1659C96586774D8FA37606C4BD2C1FAB, new session: 928D562C2C0944C6A4975DCFBCE34ECD)
2021-05-21 14:02:00 SmiteAPI [[0;34mDEBUG[0m in API] Approved: (Old session: 928D562C2C0944C6A4975DCFBCE34ECD, new session: E330DF3458FB491786C1B567DD9D53D6)
2021-05-21 14:02:24 SmiteAPI [[0;34mDEBUG[0m in API] Approved: (Old session: E330DF3458FB491786C1B567DD9D53D6, new session: FC16053A298548C19F4332737F262C10)
2021-05-21 14:02:56 SmiteAPI [[0;34mDEBUG[0m in API] Approved: (Old session: FC16053A298548C19F4332737F262C10, new session: E6A471033E1346268E1CCEFDCCA26E6A)
2021-05-21 14:05:16 SmiteAPI [[0;34mDEBUG[0m in API] Approved: (Old session: E6A471033E1346268E1CCEFDCCA26E6A, new session: 38F95A75705648ED981C6F530A000D7F)
2021-05-21 14:07:10 SmiteAPI [[0;34mDEBUG[0m in API] Approved: (Old session: 38F95A75705648ED981C6F530A000D7F, new session: 4ACD779DA6614863B24D4FDD7D21A52F)
2021-05-21 14:09:43 SmiteAPI [[0;34mDEBUG[0m in API] Approved: (Old session: 4ACD779DA6614863B24D4FDD7D21A52F, new session: 9317C804F3BD463C9D93E942C0F7AB99)
2021-05-21 14:12:00 SmiteAPI [[0;34mDEBUG[0m in API] Approved: (Old session: 9317C804F3BD463C9D93E942C0F7AB99, new session: 578DCC9E799E44818B7D53DF7180ADB1)
2021-05-21 14:18:15 SmiteAPI [[0;34mDEBUG[0m in API] Approved: (Old session: 578DCC9E799E44818B7D53DF7180ADB1, new session: 59670F476D5A451C81BBB91CE602925C)
2021-05-21 14:18:37 SmiteAPI [[0;34mDEBUG[0m in API] Approved: (Old session: 59670F476D5A451C81BBB91CE602925C, new session: 74A0AF47788A42A6A835CCCC024AFB17)
2021-05-21 14:20:03 SmiteAPI [[0;34mDEBUG[0m in API] Approved: (Old session: 74A0AF47788A42A6A835CCCC024AFB17, new session: 881F514D4C2D4255A82CD01E359BEA05)
2021-05-21 14:21:08 SmiteAPI [[0;34mDEBUG[0m in API] Approved: (Old session: 881F514D4C2D4255A82CD01E359BEA05, new session: 32C295EB4E52497DAA640D3A00EFD79C)
2021-05-21 14:22:19 SmiteAPI [[0;34mDEBUG[0m in API] Approved: (Old session: 32C295EB4E52497DAA640D3A00EFD79C, new session: EA05246155A74E2F807F55D8FFE203D2)
2021-05-21 14:25:39 SmiteAPI [[0;34mDEBUG[0m in API] Approved: (Old session: EA05246155A74E2F807F55D8FFE203D2, new session: 3310A6357B37462BBE71AC824CB9E8FC)
2021-05-21 14:26:27 SmiteAPI [[0;34mDEBUG[0m in API] Approved: (Old session: 3310A6357B37462BBE71AC824CB9E8FC, new session: A5B0E33E78A44124ABA4809F63CA166E)
2021-05-21 14:26:57 SmiteAPI [[0;34mDEBUG[0m in API] Approved: (Old session: A5B0E33E78A44124ABA4809F63CA166E, new session: 085CBE9462DC4DCDB9DA35AF39C87F6D)
2021-05-21 14:28:52 SmiteAPI [[0;34mDEBUG[0m in API] Approved: (Old session: 085CBE9462DC4DCDB9DA35AF39C87F6D, new session: 5A5A6965F3C34374AA53ACEBBD232475)
2021-05-21 14:29:56 SmiteAPI [[0;34mDEBUG[0m in API] Approved: (Old session: 5A5A6965F3C34374AA53ACEBBD232475, new session: 3E19276B295D44CFAE37F31DB5B0FBA9)
2021-05-21 14:30:46 SmiteAPI [[0;34mDEBUG[0m in API] Approved: (Old session: 3E19276B295D44CFAE37F31DB5B0FBA9, new session: B32D9DD280184FCE9428FDB27C5036B5)
2021-05-21 14:50:35 SmiteAPI [[0;34mDEBUG[0m in API] Approved: (Old session: B32D9DD280184FCE9428FDB27C5036B5, new session: 5F79E2D3B87540B68273649FA74AF9D2)
2021-05-21 15:01:26 PaladinsAPI [[0;34mDEBUG[0m in API] Approved: (Old session: 5F79E2D3B87540B68273649FA74AF9D2, new session: 114123CA0CD0408F97CA089142E53E8B)
2021-05-21 15:01:27 SmiteAPI [[0;34mDEBUG[0m in API] Approved: (Old session: 5F79E2D3B87540B68273649FA74AF9D2, new session: 82597AD380F44A61A9BCFF1A051C5360)
2021-05-21 15:02:46 PaladinsAPI [[0;34mDEBUG[0m in API] Approved: (Old session: 82597AD380F44A61A9BCFF1A051C5360, new session: 993CEA82E81B40C48934A619A148CAD5)
2021-05-21 15:02:46 SmiteAPI [[0;34mDEBUG[0m in API] Approved: (Old session: 82597AD380F44A61A9BCFF1A051C5360, new session: 4F4DDF31EE4A4B01A9522CB59DE72748)
2021-05-21 15:03:51 PaladinsAPI [[0;34mDEBUG[0m in API] Approved: (Old session: 4F4DDF31EE4A4B01A9522CB59DE72748, new session: 79DDA5E310D24F0FB21153960378F51C)
2021-05-21 15:03:52 SmiteAPI [[0;34mDEBUG[0m in API] Approved: (Old session: 4F4DDF31EE4A4B01A9522CB59DE72748, new session: 76C1047CD8F94DA39286FF89D5E27A77)
2021-05-21 15:05:34 PaladinsAPI [[0;34mDEBUG[0m in API] Approved: (Old session: 76C1047CD8F94DA39286FF89D5E27A77, new session: EAAFB34116494D82B34A8F686257485C)
2021-05-21 15:05:34 SmiteAPI [[0;34mDEBUG[0m in API] Approved: (Old session: 76C1047CD8F94DA39286FF89D5E27A77, new session: 5869F88C85224E649ED5962A56119A48)
2021-05-21 15:44:52 SmiteAPI [[0;34mDEBUG[0m in API] Invalid session id. (5869F88C85224E649ED5962A56119A48)
2021-05-21 15:44:53 SmiteAPI [[0;34mDEBUG[0m in API] Approved: (Old session: 5869F88C85224E649ED5962A56119A48, new session: 6964DD383DBD49BC8C3393561D710E90)
2021-05-21 16:06:20 PaladinsAPI [[0;34mDEBUG[0m in API] Approved: (Old session: 6964DD383DBD49BC8C3393561D710E90, new session: 8570AF07390A483ABBC3FAD8ACA6307E)
2021-05-21 16:06:21 SmiteAPI [[0;34mDEBUG[0m in API] Approved: (Old session: 6964DD383DBD49BC8C3393561D710E90, new session: 3BDBC94928DB4D00B8FD435DBCD83F8F)
2021-05-21 16:08:34 PaladinsAPI [[0;34mDEBUG[0m in API] Approved: (Old session: 3BDBC94928DB4D00B8FD435DBCD83F8F, new session: 78FB0858ED41496A8E12225CB93CA113)
2021-05-21 16:08:35 SmiteAPI [[0;34mDEBUG[0m in API] Approved: (Old session: 3BDBC94928DB4D00B8FD435DBCD83F8F, new session: 43A73AF0FB9746B18D5CADD5E78FF90A)
2021-05-21 16:08:40 PaladinsAPI [[0;34mDEBUG[0m in API] Approved: (Old session: 43A73AF0FB9746B18D5CADD5E78FF90A, new session: 9ECA6F2764DE496E8DA093FBC62357F5)
2021-05-21 16:08:41 SmiteAPI [[0;34mDEBUG[0m in API] Approved: (Old session: 43A73AF0FB9746B18D5CADD5E78FF90A, new session: 57FD5A444FD8432AB5065743ABDF1DCF)
2021-05-21 16:10:22 PaladinsAPI [[0;34mDEBUG[0m in API] Approved: (Old session: 57FD5A444FD8432AB5065743ABDF1DCF, new session: 57E6D5A647B5444EB430630C4EA48DE9)
2021-05-21 16:10:23 SmiteAPI [[0;34mDEBUG[0m in API] Approved: (Old session: 57FD5A444FD8432AB5065743ABDF1DCF, new session: 9102B46A2CC14C289CDA90E9D7291B6E)
2021-05-21 17:10:52 PaladinsAPI [[0;34mDEBUG[0m in API] Approved: (Old session: 9102B46A2CC14C289CDA90E9D7291B6E, new session: DA09F73C805B4837A167493AC9BE519B)
2021-05-21 17:10:53 SmiteAPI [[0;34mDEBUG[0m in API] Approved: (Old session: 9102B46A2CC14C289CDA90E9D7291B6E, new session: 19D59AD7FF904A7D8087B426108500DA)
2021-05-21 17:15:47 PaladinsAPI [[0;34mDEBUG[0m in API] Approved: (Old session: 19D59AD7FF904A7D8087B426108500DA, new session: 0577D555D39340AF99E14A7485D849E9)
2021-05-21 17:15:47 SmiteAPI [[0;34mDEBUG[0m in API] Approved: (Old session: 19D59AD7FF904A7D8087B426108500DA, new session: 6192BA817D6742DA884200430D234E56)
2021-05-21 17:17:15 PaladinsAPI [[0;34mDEBUG[0m in API] Approved: (Old session: 6192BA817D6742DA884200430D234E56, new session: E1FAE6BCAFC44294A8C6B6B7DD758C1F)
2021-05-21 17:17:16 SmiteAPI [[0;34mDEBUG[0m in API] Approved: (Old session: 6192BA817D6742DA884200430D234E56, new session: A37E49E15E684CBDBAEA2C97A194E442)
2021-05-21 20:06:20 PaladinsAPI [[0;34mDEBUG[0m in API] Approved: (Old session: 0AF13254D4EE4665BAAF4532A3AC9729, new session: BA9AA8F2A0D8415A98CDD59CED647A8D)
2021-05-21 21:20:47 PaladinsAPI [[0;34mDEBUG[0m in API] Approved: (Old session: BA9AA8F2A0D8415A98CDD59CED647A8D, new session: E2EB1D8229564C74893471E1BD9AD5B6)
2021-05-21 21:20:48 SmiteAPI [[0;34mDEBUG[0m in API] Approved: (Old session: BA9AA8F2A0D8415A98CDD59CED647A8D, new session: 03A4181DE5D347B8BE54B9CB0A1106FA)
2021-05-22 00:03:53 SmiteAPI [[0;34mDEBUG[0m in API] Invalid session id. (03A4181DE5D347B8BE54B9CB0A1106FA)
2021-05-22 00:03:54 SmiteAPI [[0;34mDEBUG[0m in API] Approved: (Old session: 03A4181DE5D347B8BE54B9CB0A1106FA, new session: 7CF115B0712B477A97F5A93091D796D6)
2021-05-22 00:04:46 PaladinsAPI [[0;34mDEBUG[0m in API] Approved: (Old session: 7CF115B0712B477A97F5A93091D796D6, new session: 010FD3E7B388419BAFFA525CC23CCD60)
2021-05-22 00:04:49 SmiteAPI [[0;34mDEBUG[0m in API] Approved: (Old session: 7CF115B0712B477A97F5A93091D796D6, new session: F80FC38C3E324319B75C7DEC0AE07718)
2021-05-22 00:05:32 PaladinsAPI [[0;34mDEBUG[0m in API] Approved: (Old session: F80FC38C3E324319B75C7DEC0AE07718, new session: E403B413FE80409C894BC0F4F11AE117)
2021-05-22 00:05:35 SmiteAPI [[0;34mDEBUG[0m in API] Approved: (Old session: F80FC38C3E324319B75C7DEC0AE07718, new session: 43C5C12A5B8D4274A97E443CA79E6830)
2021-05-22 00:07:20 PaladinsAPI [[0;34mDEBUG[0m in API] Approved: (Old session: 43C5C12A5B8D4274A97E443CA79E6830, new session: E571F3857D064650BDBD9474907C3842)
2021-05-22 00:07:23 SmiteAPI [[0;34mDEBUG[0m in API] Approved: (Old session: 43C5C12A5B8D4274A97E443CA79E6830, new session: D8D9056CDA3446189A01BE733F334C95)
2021-05-22 00:07:48 PaladinsAPI [[0;34mDEBUG[0m in API] Approved: (Old session: D8D9056CDA3446189A01BE733F334C95, new session: E8813C53E8B94340AC7BB6BC2DBE0624)
2021-05-22 00:07:51 SmiteAPI [[0;34mDEBUG[0m in API] Approved: (Old session: D8D9056CDA3446189A01BE733F334C95, new session: B2991D23222741C5BA0E2B2B8C00FB6E)
2021-05-22 00:08:21 PaladinsAPI [[0;34mDEBUG[0m in API] Approved: (Old session: B2991D23222741C5BA0E2B2B8C00FB6E, new session: EC296C231A3740B189A85A0188170C04)
2021-05-22 00:08:23 SmiteAPI [[0;34mDEBUG[0m in API] Approved: (Old session: B2991D23222741C5BA0E2B2B8C00FB6E, new session: 3C1BD3C94D0A40069FEE7D0A6A0327C5)
2021-05-22 00:09:09 PaladinsAPI [[0;34mDEBUG[0m in API] Approved: (Old session: 3C1BD3C94D0A40069FEE7D0A6A0327C5, new session: 728224B26A064F2DBEF060F5CB072A6A)
2021-05-22 00:09:12 SmiteAPI [[0;34mDEBUG[0m in API] Approved: (Old session: 3C1BD3C94D0A40069FEE7D0A6A0327C5, new session: B9BBC05C0CF24B55BDC07A3D9CF49C28)
