2021-05-11 22:38:23 PaladinsAPI [[0;34mDEBUG[0m in API] Invalid session id. (1AE3CE90AD724950B376B4F533AAF6F0)
2021-05-11 22:38:23 PaladinsAPI [[0;34mDEBUG[0m in API] Approved: (Old session: 1AE3CE90AD724950B376B4F533AAF6F0, new session: 9AAB02E332004FE3A9BB254BBEFEF4EC)
2021-05-12 20:20:11 PaladinsAPI [[0;34mDEBUG[0m in API] Invalid session id. (9AAB02E332004FE3A9BB254BBEFEF4EC)
2021-05-12 20:20:12 PaladinsAPI [[0;34mDEBUG[0m in API] Approved: (Old session: 9AAB02E332004FE3A9BB254BBEFEF4EC, new session: B99D226953CB47FB9F3BF2D7F6C45D8E)
2021-05-12 20:28:54 PaladinsAPI [[0;34mDEBUG[0m in API] Approved: (Old session: B99D226953CB47FB9F3BF2D7F6C45D8E, new session: 89A19B47046B46249D7F4BB543CF9A6D)
2021-05-12 20:28:57 SmiteAPI [[0;34mDEBUG[0m in API] Approved: (Old session: B99D226953CB47FB9F3BF2D7F6C45D8E, new session: A981947926454C4882A9F6633434E7C8)
2021-05-12 20:30:30 PaladinsAPI [[0;34mDEBUG[0m in API] Approved: (Old session: A981947926454C4882A9F6633434E7C8, new session: F09636E4C88B46588D18EF1F36CE947F)
2021-05-12 20:30:32 SmiteAPI [[0;34mDEBUG[0m in API] Approved: (Old session: A981947926454C4882A9F6633434E7C8, new session: F07364AC9E914D639D4540103D8A0FCE)
2021-05-12 20:34:32 PaladinsAPI [[0;34mDEBUG[0m in API] Approved: (Old session: F07364AC9E914D639D4540103D8A0FCE, new session: 356B71D8B1814693BA6B4F402A92EF4E)
2021-05-12 20:34:35 SmiteAPI [[0;34mDEBUG[0m in API] Approved: (Old session: F07364AC9E914D639D4540103D8A0FCE, new session: C17C239CB71D4A058DD3ED67A3B375B6)
2021-05-12 20:36:51 PaladinsAPI [[0;34mDEBUG[0m in API] Approved: (Old session: C17C239CB71D4A058DD3ED67A3B375B6, new session: 15E98FCF502A4EF7AD7890F42E38F52D)
2021-05-12 20:36:54 SmiteAPI [[0;34mDEBUG[0m in API] Approved: (Old session: C17C239CB71D4A058DD3ED67A3B375B6, new session: 6DF265B32D4947CC81AFB4E75955BE78)
2021-05-12 20:39:56 PaladinsAPI [[0;34mDEBUG[0m in API] Approved: (Old session: 6DF265B32D4947CC81AFB4E75955BE78, new session: 1E55BADB40ED4209B890EBF3FE16373F)
2021-05-12 20:39:59 SmiteAPI [[0;34mDEBUG[0m in API] Approved: (Old session: 6DF265B32D4947CC81AFB4E75955BE78, new session: 013BA11B1EF54C15A81A94791E2B6BBA)
2021-05-12 20:42:28 PaladinsAPI [[0;34mDEBUG[0m in API] Approved: (Old session: 013BA11B1EF54C15A81A94791E2B6BBA, new session: 6446A164F8E84F06A401977E1D868536)
2021-05-12 20:42:31 SmiteAPI [[0;34mDEBUG[0m in API] Approved: (Old session: 013BA11B1EF54C15A81A94791E2B6BBA, new session: BB4FC2C265E64FDAA77EC862AAD1713D)
2021-05-12 20:46:52 PaladinsAPI [[0;34mDEBUG[0m in API] Approved: (Old session: BB4FC2C265E64FDAA77EC862AAD1713D, new session: 53885972B762410EBCE7AF4EAAA48C72)
2021-05-12 20:46:55 SmiteAPI [[0;34mDEBUG[0m in API] Approved: (Old session: BB4FC2C265E64FDAA77EC862AAD1713D, new session: AFB85BF7DDA943A3B6C190269C3D32E8)
2021-05-12 20:52:22 PaladinsAPI [[0;34mDEBUG[0m in API] Approved: (Old session: AFB85BF7DDA943A3B6C190269C3D32E8, new session: 736CEF1D007043FDB9ED3811C894302C)
2021-05-12 20:52:25 SmiteAPI [[0;34mDEBUG[0m in API] Approved: (Old session: AFB85BF7DDA943A3B6C190269C3D32E8, new session: EC4D91153F2B412E80F19AD82E6D9284)
2021-05-12 20:55:45 PaladinsAPI [[0;34mDEBUG[0m in API] Approved: (Old session: EC4D91153F2B412E80F19AD82E6D9284, new session: B1F59C52E5854360ACD46B17A0F0870F)
2021-05-12 20:55:48 SmiteAPI [[0;34mDEBUG[0m in API] Approved: (Old session: EC4D91153F2B412E80F19AD82E6D9284, new session: 7AA2E4A3C5254D3996ED75A0F41B7A80)
2021-05-12 20:57:44 PaladinsAPI [[0;34mDEBUG[0m in API] Approved: (Old session: 7AA2E4A3C5254D3996ED75A0F41B7A80, new session: E824AC7F2B514D098B7138893B23BBA5)
2021-05-12 20:57:46 SmiteAPI [[0;34mDEBUG[0m in API] Approved: (Old session: 7AA2E4A3C5254D3996ED75A0F41B7A80, new session: 82C11DD034EA4EFEA910B895919D2FB2)
2021-05-12 21:00:36 PaladinsAPI [[0;34mDEBUG[0m in API] Approved: (Old session: 82C11DD034EA4EFEA910B895919D2FB2, new session: CED1721A6FC74C8BA64387D9A9EDADB0)
2021-05-12 21:00:39 SmiteAPI [[0;34mDEBUG[0m in API] Approved: (Old session: 82C11DD034EA4EFEA910B895919D2FB2, new session: 760E0F8D946A4826A20309079DEE7748)
2021-05-12 21:01:59 PaladinsAPI [[0;34mDEBUG[0m in API] Approved: (Old session: 760E0F8D946A4826A20309079DEE7748, new session: 850E5883BEC04CE48656D59CE4189E69)
2021-05-12 21:02:01 SmiteAPI [[0;34mDEBUG[0m in API] Approved: (Old session: 760E0F8D946A4826A20309079DEE7748, new session: E5B7F788E88E45E99A24D1FDAA98F38C)
2021-05-12 21:48:44 PaladinsAPI [[0;34mDEBUG[0m in API] Approved: (Old session: E5B7F788E88E45E99A24D1FDAA98F38C, new session: 6288F6211AD541578C2E4807A22A47D1)
2021-05-12 21:48:46 SmiteAPI [[0;34mDEBUG[0m in API] Approved: (Old session: E5B7F788E88E45E99A24D1FDAA98F38C, new session: E317DF878D90428AA4FAFC33EC9A6BD4)
2021-05-12 21:52:04 PaladinsAPI [[0;34mDEBUG[0m in API] Approved: (Old session: E317DF878D90428AA4FAFC33EC9A6BD4, new session: 485C9976880F4503AE5B3561CD05194E)
2021-05-12 21:52:09 SmiteAPI [[0;34mDEBUG[0m in API] Approved: (Old session: E317DF878D90428AA4FAFC33EC9A6BD4, new session: D8B80C1041114E83944C42E84A43F4AA)
2021-05-12 21:53:25 PaladinsAPI [[0;34mDEBUG[0m in API] Approved: (Old session: D8B80C1041114E83944C42E84A43F4AA, new session: 62A042C8DC76447A82704DD1C67F4671)
2021-05-12 21:53:30 SmiteAPI [[0;34mDEBUG[0m in API] Approved: (Old session: D8B80C1041114E83944C42E84A43F4AA, new session: 9BD5B567B02C4683959C665BE32CBE06)
2021-05-12 21:54:07 PaladinsAPI [[0;34mDEBUG[0m in API] Approved: (Old session: 9BD5B567B02C4683959C665BE32CBE06, new session: 8AAA9A168CD7474CA380653AB8334897)
2021-05-12 21:54:10 SmiteAPI [[0;34mDEBUG[0m in API] Approved: (Old session: 9BD5B567B02C4683959C665BE32CBE06, new session: 98B554E2814A4A19849B71BB019C3E36)
2021-05-12 21:55:53 PaladinsAPI [[0;34mDEBUG[0m in API] Approved: (Old session: 98B554E2814A4A19849B71BB019C3E36, new session: 1428B451B4F549F194159EEB1627F1CD)
2021-05-12 21:55:56 SmiteAPI [[0;34mDEBUG[0m in API] Approved: (Old session: 98B554E2814A4A19849B71BB019C3E36, new session: 0E6368A11B4B4EBCA3506DB0B9845A3C)
2021-05-12 22:16:21 PaladinsAPI [[0;34mDEBUG[0m in API] Approved: (Old session: 0E6368A11B4B4EBCA3506DB0B9845A3C, new session: 1EC2B211C6934773A03424C85F440D72)
2021-05-12 22:16:24 SmiteAPI [[0;34mDEBUG[0m in API] Approved: (Old session: 0E6368A11B4B4EBCA3506DB0B9845A3C, new session: A7328F42DC154858B7246DE81799AB5A)
2021-05-12 22:18:06 PaladinsAPI [[0;34mDEBUG[0m in API] Approved: (Old session: A7328F42DC154858B7246DE81799AB5A, new session: 2EA551A01242401BBF0BCDFD21E4F623)
2021-05-12 22:18:08 SmiteAPI [[0;34mDEBUG[0m in API] Approved: (Old session: A7328F42DC154858B7246DE81799AB5A, new session: 30FD1EA3F797412E838D61DC179FB4EC)
2021-05-12 22:18:53 PaladinsAPI [[0;34mDEBUG[0m in API] Approved: (Old session: 30FD1EA3F797412E838D61DC179FB4EC, new session: 3756AEB7E33D49B7BB4B057AC6628AC9)
2021-05-12 22:18:55 SmiteAPI [[0;34mDEBUG[0m in API] Approved: (Old session: 30FD1EA3F797412E838D61DC179FB4EC, new session: C87247DE96734AD6992399776BB22F2B)
2021-05-12 22:37:17 PaladinsAPI [[0;34mDEBUG[0m in API] Approved: (Old session: C87247DE96734AD6992399776BB22F2B, new session: 812C2E4DFA794FBF9A235EDA10E3A025)
2021-05-12 22:37:19 SmiteAPI [[0;34mDEBUG[0m in API] Approved: (Old session: C87247DE96734AD6992399776BB22F2B, new session: D30CB5030EF442198A8C98C20711FC99)
2021-05-12 22:39:46 PaladinsAPI [[0;34mDEBUG[0m in API] Approved: (Old session: D30CB5030EF442198A8C98C20711FC99, new session: 1A9B8DA56DFB4FB7BF216CF4C4C5E956)
2021-05-12 22:39:48 SmiteAPI [[0;34mDEBUG[0m in API] Approved: (Old session: D30CB5030EF442198A8C98C20711FC99, new session: AA81E6416EA945CFA6751F4EE9902EE7)
2021-05-12 22:41:25 PaladinsAPI [[0;34mDEBUG[0m in API] Approved: (Old session: AA81E6416EA945CFA6751F4EE9902EE7, new session: E4817D23585446FCBABED342D79C3769)
2021-05-12 22:41:27 SmiteAPI [[0;34mDEBUG[0m in API] Approved: (Old session: AA81E6416EA945CFA6751F4EE9902EE7, new session: AF656FA0DA42442CBEA0080929564B95)
